# JRE version: OpenJDK Runtime Environment Temurin-21.0.6+7 (21.0.6+7) (build 21.0.6+7-LTS)
# Java VM: OpenJDK 64-Bit Server VM Temurin-21.0.6+7 (21.0.6+7-LTS, mixed mode, sharing, tiered, compressed oops, compressed class ptrs, parallel gc, windows-amd64)
GC Precious Log:
 CardTable entry size: 512
 CPUs: 8 total, 8 available
 Memory: 16303M
 Large Page Support: Disabled
 NUMA Support: Disabled
 Compressed Oops: Enabled (32-bit)
 Alignments: Space 512K, Generation 512K, Heap 2M
 Heap Min Capacity: 100M
 Heap Initial Capacity: 100M
 Heap Max Capacity: 1G
 Pre-touch: Disabled
 Parallel Workers: 8
Heap:
 PSYoungGen      total 2560K, used 1660K [0x00000000eab00000, 0x00000000eb080000, 0x0000000100000000)
  eden space 2048K, 63% used [0x00000000eab00000,0x00000000eac44ed8,0x00000000ead00000)
  from space 512K, 70% used [0x00000000eaf80000,0x00000000eafda2f8,0x00000000eb000000)
  to   space 512K, 0% used [0x00000000eb000000,0x00000000eb000000,0x00000000eb080000)
 ParOldGen       total 457728K, used 195867K [0x00000000c0000000, 0x00000000dbf00000, 0x00000000eab00000)
  object space 457728K, 42% used [0x00000000c0000000,0x00000000cbf46e70,0x00000000dbf00000)
 Metaspace       used 60246K, committed 61504K, reserved 1114112K
  class space    used 7205K, committed 7744K, reserved 1048576K
GC Heap History (20 events):
Event: 46.960 GC heap before
{Heap before GC invocations=537 (full 3):
 PSYoungGen      total 2560K, used 2240K [0x00000000eab00000, 0x00000000eb080000, 0x0000000100000000)
  eden space 2048K, 100% used [0x00000000eab00000,0x00000000ead00000,0x00000000ead00000)
  from space 512K, 37% used [0x00000000eaf80000,0x00000000eafb0000,0x00000000eb000000)
  to   space 512K, 0% used [0x00000000eb000000,0x00000000eb000000,0x00000000eb080000)
 ParOldGen       total 457728K, used 194854K [0x00000000c0000000, 0x00000000dbf00000, 0x00000000eab00000)
  object space 457728K, 42% used [0x00000000c0000000,0x00000000cbe498c8,0x00000000dbf00000)
 Metaspace       used 58831K, committed 60160K, reserved 1114112K
  class space    used 6875K, committed 7424K, reserved 1048576K
}
Event: 46.961 GC heap after
{Heap after GC invocations=537 (full 3):
 PSYoungGen      total 2560K, used 192K [0x00000000eab00000, 0x00000000eb080000, 0x0000000100000000)
  eden space 2048K, 0% used [0x00000000eab00000,0x00000000eab00000,0x00000000ead00000)
  from space 512K, 37% used [0x00000000eb000000,0x00000000eb030000,0x00000000eb080000)
  to   space 512K, 0% used [0x00000000eaf80000,0x00000000eaf80000,0x00000000eb000000)
 ParOldGen       total 457728K, used 194894K [0x00000000c0000000, 0x00000000dbf00000, 0x00000000eab00000)
  object space 457728K, 42% used [0x00000000c0000000,0x00000000cbe538c8,0x00000000dbf00000)
 Metaspace       used 58831K, committed 60160K, reserved 1114112K
  class space    used 6875K, committed 7424K, reserved 1048576K
}
Event: 46.974 GC heap before
{Heap before GC invocations=538 (full 3):
 PSYoungGen      total 2560K, used 2240K [0x00000000eab00000, 0x00000000eb080000, 0x0000000100000000)
  eden space 2048K, 100% used [0x00000000eab00000,0x00000000ead00000,0x00000000ead00000)
  from space 512K, 37% used [0x00000000eb000000,0x00000000eb030000,0x00000000eb080000)
  to   space 512K, 0% used [0x00000000eaf80000,0x00000000eaf80000,0x00000000eb000000)
 ParOldGen       total 457728K, used 194894K [0x00000000c0000000, 0x00000000dbf00000, 0x00000000eab00000)
  object space 457728K, 42% used [0x00000000c0000000,0x00000000cbe538c8,0x00000000dbf00000)
 Metaspace       used 58977K, committed 60224K, reserved 1114112K
  class space    used 6915K, committed 7424K, reserved 1048576K
}
Event: 46.975 GC heap after
{Heap after GC invocations=538 (full 3):
 PSYoungGen      total 2560K, used 256K [0x00000000eab00000, 0x00000000eb080000, 0x0000000100000000)
  eden space 2048K, 0% used [0x00000000eab00000,0x00000000eab00000,0x00000000ead00000)
  from space 512K, 50% used [0x00000000eaf80000,0x00000000eafc0000,0x00000000eb000000)
  to   space 512K, 0% used [0x00000000eb000000,0x00000000eb000000,0x00000000eb080000)
 ParOldGen       total 457728K, used 194941K [0x00000000c0000000, 0x00000000dbf00000, 0x00000000eab00000)
  object space 457728K, 42% used [0x00000000c0000000,0x00000000cbe5f5c8,0x00000000dbf00000)
 Metaspace       used 58977K, committed 60224K, reserved 1114112K
  class space    used 6915K, committed 7424K, reserved 1048576K
}
Event: 46.988 GC heap before
{Heap before GC invocations=539 (full 3):
 PSYoungGen      total 2560K, used 2304K [0x00000000eab00000, 0x00000000eb080000, 0x0000000100000000)
  eden space 2048K, 100% used [0x00000000eab00000,0x00000000ead00000,0x00000000ead00000)
  from space 512K, 50% used [0x00000000eaf80000,0x00000000eafc0000,0x00000000eb000000)
  to   space 512K, 0% used [0x00000000eb000000,0x00000000eb000000,0x00000000eb080000)
 ParOldGen       total 457728K, used 194941K [0x00000000c0000000, 0x00000000dbf00000, 0x00000000eab00000)
  object space 457728K, 42% used [0x00000000c0000000,0x00000000cbe5f5c8,0x00000000dbf00000)
 Metaspace       used 59112K, committed 60416K, reserved 1114112K
  class space    used 6950K, committed 7488K, reserved 1048576K
}
Event: 46.989 GC heap after
{Heap after GC invocations=539 (full 3):
 PSYoungGen      total 2560K, used 224K [0x00000000eab00000, 0x00000000eb080000, 0x0000000100000000)
  eden space 2048K, 0% used [0x00000000eab00000,0x00000000eab00000,0x00000000ead00000)
  from space 512K, 43% used [0x00000000eb000000,0x00000000eb038000,0x00000000eb080000)
  to   space 512K, 0% used [0x00000000eaf80000,0x00000000eaf80000,0x00000000eb000000)
 ParOldGen       total 457728K, used 194981K [0x00000000c0000000, 0x00000000dbf00000, 0x00000000eab00000)
  object space 457728K, 42% used [0x00000000c0000000,0x00000000cbe695c8,0x00000000dbf00000)
 Metaspace       used 59112K, committed 60416K, reserved 1114112K
  class space    used 6950K, committed 7488K, reserved 1048576K
}
Event: 47.004 GC heap before
{Heap before GC invocations=540 (full 3):
 PSYoungGen      total 2560K, used 2272K [0x00000000eab00000, 0x00000000eb080000, 0x0000000100000000)
  eden space 2048K, 100% used [0x00000000eab00000,0x00000000ead00000,0x00000000ead00000)
  from space 512K, 43% used [0x00000000eb000000,0x00000000eb038000,0x00000000eb080000)
  to   space 512K, 0% used [0x00000000eaf80000,0x00000000eaf80000,0x00000000eb000000)
 ParOldGen       total 457728K, used 194981K [0x00000000c0000000, 0x00000000dbf00000, 0x00000000eab00000)
  object space 457728K, 42% used [0x00000000c0000000,0x00000000cbe695c8,0x00000000dbf00000)
 Metaspace       used 59238K, committed 60544K, reserved 1114112K
  class space    used 6985K, committed 7552K, reserved 1048576K
}
Event: 47.005 GC heap after
{Heap after GC invocations=540 (full 3):
 PSYoungGen      total 2560K, used 248K [0x00000000eab00000, 0x00000000eb080000, 0x0000000100000000)
  eden space 2048K, 0% used [0x00000000eab00000,0x00000000eab00000,0x00000000ead00000)
  from space 512K, 48% used [0x00000000eaf80000,0x00000000eafbe2b8,0x00000000eb000000)
  to   space 512K, 0% used [0x00000000eb000000,0x00000000eb000000,0x00000000eb080000)
 ParOldGen       total 457728K, used 195029K [0x00000000c0000000, 0x00000000dbf00000, 0x00000000eab00000)
  object space 457728K, 42% used [0x00000000c0000000,0x00000000cbe755d8,0x00000000dbf00000)
 Metaspace       used 59238K, committed 60544K, reserved 1114112K
  class space    used 6985K, committed 7552K, reserved 1048576K
}
Event: 47.020 GC heap before
{Heap before GC invocations=541 (full 3):
 PSYoungGen      total 2560K, used 2296K [0x00000000eab00000, 0x00000000eb080000, 0x0000000100000000)
  eden space 2048K, 100% used [0x00000000eab00000,0x00000000ead00000,0x00000000ead00000)
  from space 512K, 48% used [0x00000000eaf80000,0x00000000eafbe2b8,0x00000000eb000000)
  to   space 512K, 0% used [0x00000000eb000000,0x00000000eb000000,0x00000000eb080000)
 ParOldGen       total 457728K, used 195029K [0x00000000c0000000, 0x00000000dbf00000, 0x00000000eab00000)
  object space 457728K, 42% used [0x00000000c0000000,0x00000000cbe755d8,0x00000000dbf00000)
 Metaspace       used 59391K, committed 60736K, reserved 1114112K
  class space    used 7005K, committed 7552K, reserved 1048576K
}
Event: 47.021 GC heap after
{Heap after GC invocations=541 (full 3):
 PSYoungGen      total 2560K, used 343K [0x00000000eab00000, 0x00000000eb080000, 0x0000000100000000)
  eden space 2048K, 0% used [0x00000000eab00000,0x00000000eab00000,0x00000000ead00000)
  from space 512K, 66% used [0x00000000eb000000,0x00000000eb055c20,0x00000000eb080000)
  to   space 512K, 0% used [0x00000000eaf80000,0x00000000eaf80000,0x00000000eb000000)
 ParOldGen       total 457728K, used 195077K [0x00000000c0000000, 0x00000000dbf00000, 0x00000000eab00000)
  object space 457728K, 42% used [0x00000000c0000000,0x00000000cbe815d8,0x00000000dbf00000)
 Metaspace       used 59391K, committed 60736K, reserved 1114112K
  class space    used 7005K, committed 7552K, reserved 1048576K
}
Event: 47.032 GC heap before
{Heap before GC invocations=542 (full 3):
 PSYoungGen      total 2560K, used 2391K [0x00000000eab00000, 0x00000000eb080000, 0x0000000100000000)
  eden space 2048K, 100% used [0x00000000eab00000,0x00000000ead00000,0x00000000ead00000)
  from space 512K, 66% used [0x00000000eb000000,0x00000000eb055c20,0x00000000eb080000)
  to   space 512K, 0% used [0x00000000eaf80000,0x00000000eaf80000,0x00000000eb000000)
 ParOldGen       total 457728K, used 195077K [0x00000000c0000000, 0x00000000dbf00000, 0x00000000eab00000)
  object space 457728K, 42% used [0x00000000c0000000,0x00000000cbe815d8,0x00000000dbf00000)
 Metaspace       used 59500K, committed 60800K, reserved 1114112K
  class space    used 7027K, committed 7552K, reserved 1048576K
}
Event: 47.033 GC heap after
{Heap after GC invocations=542 (full 3):
 PSYoungGen      total 2560K, used 224K [0x00000000eab00000, 0x00000000eb080000, 0x0000000100000000)
  eden space 2048K, 0% used [0x00000000eab00000,0x00000000eab00000,0x00000000ead00000)
  from space 512K, 43% used [0x00000000eaf80000,0x00000000eafb8000,0x00000000eb000000)
  to   space 512K, 0% used [0x00000000eb000000,0x00000000eb000000,0x00000000eb080000)
 ParOldGen       total 457728K, used 195133K [0x00000000c0000000, 0x00000000dbf00000, 0x00000000eab00000)
  object space 457728K, 42% used [0x00000000c0000000,0x00000000cbe8f5d8,0x00000000dbf00000)
 Metaspace       used 59500K, committed 60800K, reserved 1114112K
  class space    used 7027K, committed 7552K, reserved 1048576K
}
Event: 47.045 GC heap before
{Heap before GC invocations=543 (full 3):
 PSYoungGen      total 2560K, used 2272K [0x00000000eab00000, 0x00000000eb080000, 0x0000000100000000)
  eden space 2048K, 100% used [0x00000000eab00000,0x00000000ead00000,0x00000000ead00000)
  from space 512K, 43% used [0x00000000eaf80000,0x00000000eafb8000,0x00000000eb000000)
  to   space 512K, 0% used [0x00000000eb000000,0x00000000eb000000,0x00000000eb080000)
 ParOldGen       total 457728K, used 195133K [0x00000000c0000000, 0x00000000dbf00000, 0x00000000eab00000)
  object space 457728K, 42% used [0x00000000c0000000,0x00000000cbe8f5d8,0x00000000dbf00000)
 Metaspace       used 59548K, committed 60864K, reserved 1114112K
  class space    used 7041K, committed 7552K, reserved 1048576K
}
Event: 47.045 GC heap after
{Heap after GC invocations=543 (full 3):
 PSYoungGen      total 2560K, used 288K [0x00000000eab00000, 0x00000000eb080000, 0x0000000100000000)
  eden space 2048K, 0% used [0x00000000eab00000,0x00000000eab00000,0x00000000ead00000)
  from space 512K, 56% used [0x00000000eb000000,0x00000000eb048000,0x00000000eb080000)
  to   space 512K, 0% used [0x00000000eaf80000,0x00000000eaf80000,0x00000000eb000000)
 ParOldGen       total 457728K, used 195189K [0x00000000c0000000, 0x00000000dbf00000, 0x00000000eab00000)
  object space 457728K, 42% used [0x00000000c0000000,0x00000000cbe9d5d8,0x00000000dbf00000)
 Metaspace       used 59548K, committed 60864K, reserved 1114112K
  class space    used 7041K, committed 7552K, reserved 1048576K
}
Event: 47.057 GC heap before
{Heap before GC invocations=544 (full 3):
 PSYoungGen      total 2560K, used 2336K [0x00000000eab00000, 0x00000000eb080000, 0x0000000100000000)
  eden space 2048K, 100% used [0x00000000eab00000,0x00000000ead00000,0x00000000ead00000)
  from space 512K, 56% used [0x00000000eb000000,0x00000000eb048000,0x00000000eb080000)
  to   space 512K, 0% used [0x00000000eaf80000,0x00000000eaf80000,0x00000000eb000000)
 ParOldGen       total 457728K, used 195189K [0x00000000c0000000, 0x00000000dbf00000, 0x00000000eab00000)
  object space 457728K, 42% used [0x00000000c0000000,0x00000000cbe9d5d8,0x00000000dbf00000)
 Metaspace       used 59606K, committed 60928K, reserved 1114112K
  class space    used 7059K, committed 7616K, reserved 1048576K
}
Event: 47.058 GC heap after
{Heap after GC invocations=544 (full 3):
 PSYoungGen      total 2560K, used 362K [0x00000000eab00000, 0x00000000eb080000, 0x0000000100000000)
  eden space 2048K, 0% used [0x00000000eab00000,0x00000000eab00000,0x00000000ead00000)
  from space 512K, 70% used [0x00000000eaf80000,0x00000000eafdaa50,0x00000000eb000000)
  to   space 512K, 0% used [0x00000000eb000000,0x00000000eb000000,0x00000000eb080000)
 ParOldGen       total 457728K, used 195293K [0x00000000c0000000, 0x00000000dbf00000, 0x00000000eab00000)
  object space 457728K, 42% used [0x00000000c0000000,0x00000000cbeb7640,0x00000000dbf00000)
 Metaspace       used 59606K, committed 60928K, reserved 1114112K
  class space    used 7059K, committed 7616K, reserved 1048576K
}
Event: 47.071 GC heap before
{Heap before GC invocations=545 (full 3):
 PSYoungGen      total 2560K, used 2410K [0x00000000eab00000, 0x00000000eb080000, 0x0000000100000000)
  eden space 2048K, 99% used [0x00000000eab00000,0x00000000eacffff8,0x00000000ead00000)
  from space 512K, 70% used [0x00000000eaf80000,0x00000000eafdaa50,0x00000000eb000000)
  to   space 512K, 0% used [0x00000000eb000000,0x00000000eb000000,0x00000000eb080000)
 ParOldGen       total 457728K, used 195293K [0x00000000c0000000, 0x00000000dbf00000, 0x00000000eab00000)
  object space 457728K, 42% used [0x00000000c0000000,0x00000000cbeb7640,0x00000000dbf00000)
 Metaspace       used 59686K, committed 60992K, reserved 1114112K
  class space    used 7089K, committed 7616K, reserved 1048576K
}
Event: 47.071 GC heap after
{Heap after GC invocations=545 (full 3):
 PSYoungGen      total 2560K, used 256K [0x00000000eab00000, 0x00000000eb080000, 0x0000000100000000)
  eden space 2048K, 0% used [0x00000000eab00000,0x00000000eab00000,0x00000000ead00000)
  from space 512K, 50% used [0x00000000eb000000,0x00000000eb040000,0x00000000eb080000)
  to   space 512K, 0% used [0x00000000eaf80000,0x00000000eaf80000,0x00000000eb000000)
 ParOldGen       total 457728K, used 195502K [0x00000000c0000000, 0x00000000dbf00000, 0x00000000eab00000)
  object space 457728K, 42% used [0x00000000c0000000,0x00000000cbeebbd0,0x00000000dbf00000)
 Metaspace       used 59686K, committed 60992K, reserved 1114112K
  class space    used 7089K, committed 7616K, reserved 1048576K
}
Event: 47.084 GC heap before
{Heap before GC invocations=546 (full 3):
 PSYoungGen      total 2560K, used 2304K [0x00000000eab00000, 0x00000000eb080000, 0x0000000100000000)
  eden space 2048K, 100% used [0x00000000eab00000,0x00000000ead00000,0x00000000ead00000)
  from space 512K, 50% used [0x00000000eb000000,0x00000000eb040000,0x00000000eb080000)
  to   space 512K, 0% used [0x00000000eaf80000,0x00000000eaf80000,0x00000000eb000000)
 ParOldGen       total 457728K, used 195502K [0x00000000c0000000, 0x00000000dbf00000, 0x00000000eab00000)
  object space 457728K, 42% used [0x00000000c0000000,0x00000000cbeebbd0,0x00000000dbf00000)
 Metaspace       used 59771K, committed 61120K, reserved 1114112K
  class space    used 7116K, committed 7680K, reserved 1048576K
}
Event: 47.085 GC heap after
{Heap after GC invocations=546 (full 3):
 PSYoungGen      total 2560K, used 224K [0x00000000eab00000, 0x00000000eb080000, 0x0000000100000000)
  eden space 2048K, 0% used [0x00000000eab00000,0x00000000eab00000,0x00000000ead00000)
  from space 512K, 43% used [0x00000000eaf80000,0x00000000eafb8000,0x00000000eb000000)
  to   space 512K, 0% used [0x00000000eb000000,0x00000000eb000000,0x00000000eb080000)
 ParOldGen       total 457728K, used 195558K [0x00000000c0000000, 0x00000000dbf00000, 0x00000000eab00000)
  object space 457728K, 42% used [0x00000000c0000000,0x00000000cbef9bd0,0x00000000dbf00000)
 Metaspace       used 59771K, committed 61120K, reserved 1114112K
  class space    used 7116K, committed 7680K, reserved 1048576K
}

